This file contains any messages produced by compilers while
running configure, to aid debugging if configure makes a mistake.

It was created by nxweb configure 3.1.0-dev, which was
generated by GNU Autoconf 2.68.  Invocation command line was

  $ ./configure --no-create --no-recursion

## --------- ##
## Platform. ##
## --------- ##

hostname = kevin-pc
uname -m = x86_64
uname -r = 3.8.1-201.fc18.x86_64
uname -s = Linux
uname -v = #1 SMP Thu Feb 28 19:23:08 UTC 2013

/usr/bin/uname -p = x86_64
/bin/uname -X     = unknown

/bin/arch              = x86_64
/usr/bin/arch -k       = unknown
/usr/convex/getsysinfo = unknown
/usr/bin/hostinfo      = unknown
/bin/machine           = unknown
/usr/bin/oslevel       = unknown
/bin/universe          = unknown

PATH: /usr/local/bin
PATH: /usr/bin
PATH: /bin
PATH: /usr/local/sbin
PATH: /usr/sbin
PATH: /home/kevin/.local/bin
PATH: /home/kevin/bin


## ----------- ##
## Core tests. ##
## ----------- ##

configure:2262: checking for a BSD-compatible install
configure:2330: result: /usr/bin/install -c
configure:2341: checking whether build environment is sane
configure:2391: result: yes
configure:2532: checking for a thread-safe mkdir -p
configure:2571: result: /usr/bin/mkdir -p
configure:2584: checking for gawk
configure:2600: found /usr/bin/gawk
configure:2611: result: gawk
configure:2622: checking whether make sets $(MAKE)
configure:2644: result: yes
configure:2778: checking for gcc
configure:2794: found /usr/bin/gcc
configure:2805: result: gcc
configure:2836: checking for C compiler version
configure:2845: gcc --version >&5
gcc (GCC) 4.7.2 20121109 (Red Hat 4.7.2-8)
Copyright (C) 2012 Free Software Foundation, Inc.
This is free software; see the source for copying conditions.  There is NO
warranty; not even for MERCHANTABILITY or FITNESS FOR A PARTICULAR PURPOSE.

configure:2856: $? = 0
configure:2845: gcc -v >&5
Using built-in specs.
COLLECT_GCC=gcc
COLLECT_LTO_WRAPPER=/usr/libexec/gcc/x86_64-redhat-linux/4.7.2/lto-wrapper
Target: x86_64-redhat-linux
Configured with: ../configure --prefix=/usr --mandir=/usr/share/man --infodir=/usr/share/info --with-bugurl=http://bugzilla.redhat.com/bugzilla --enable-bootstrap --enable-shared --enable-threads=posix --enable-checking=release --disable-build-with-cxx --disable-build-poststage1-with-cxx --with-system-zlib --enable-__cxa_atexit --disable-libunwind-exceptions --enable-gnu-unique-object --enable-linker-build-id --with-linker-hash-style=gnu --enable-languages=c,c++,objc,obj-c++,java,fortran,ada,go,lto --enable-plugin --enable-initfini-array --enable-java-awt=gtk --disable-dssi --with-java-home=/usr/lib/jvm/java-1.5.0-gcj-1.5.0.0/jre --enable-libgcj-multifile --enable-java-maintainer-mode --with-ecj-jar=/usr/share/java/eclipse-ecj.jar --disable-libjava-multilib --with-ppl --with-cloog --with-tune=generic --with-arch_32=i686 --build=x86_64-redhat-linux
Thread model: posix
gcc version 4.7.2 20121109 (Red Hat 4.7.2-8) (GCC) 
configure:2856: $? = 0
configure:2845: gcc -V >&5
gcc: error: unrecognized command line option '-V'
gcc: fatal error: no input files
compilation terminated.
configure:2856: $? = 4
configure:2845: gcc -qversion >&5
gcc: error: unrecognized command line option '-qversion'
gcc: fatal error: no input files
compilation terminated.
configure:2856: $? = 4
configure:2876: checking whether the C compiler works
configure:2898: gcc    conftest.c  >&5
configure:2902: $? = 0
configure:2950: result: yes
configure:2953: checking for C compiler default output file name
configure:2955: result: a.out
configure:2961: checking for suffix of executables
configure:2968: gcc -o conftest    conftest.c  >&5
configure:2972: $? = 0
configure:2994: result: 
configure:3016: checking whether we are cross compiling
configure:3024: gcc -o conftest    conftest.c  >&5
configure:3028: $? = 0
configure:3035: ./conftest
configure:3039: $? = 0
configure:3054: result: no
configure:3059: checking for suffix of object files
configure:3081: gcc -c   conftest.c >&5
configure:3085: $? = 0
configure:3106: result: o
configure:3110: checking whether we are using the GNU C compiler
configure:3129: gcc -c   conftest.c >&5
configure:3129: $? = 0
configure:3138: result: yes
configure:3147: checking whether gcc accepts -g
configure:3167: gcc -c -g  conftest.c >&5
configure:3167: $? = 0
configure:3208: result: yes
configure:3225: checking for gcc option to accept ISO C89
configure:3289: gcc  -c -g -O2  conftest.c >&5
configure:3289: $? = 0
configure:3302: result: none needed
configure:3333: checking for style of include used by make
configure:3361: result: GNU
configure:3387: checking dependency style of gcc
configure:3498: result: gcc3
configure:3542: checking build system type
configure:3556: result: x86_64-unknown-linux-gnu
configure:3576: checking host system type
configure:3589: result: x86_64-unknown-linux-gnu
configure:3630: checking how to print strings
configure:3657: result: printf
configure:3678: checking for a sed that does not truncate output
configure:3742: result: /usr/bin/sed
configure:3760: checking for grep that handles long lines and -e
configure:3818: result: /usr/bin/grep
configure:3823: checking for egrep
configure:3885: result: /usr/bin/grep -E
configure:3890: checking for fgrep
configure:3952: result: /usr/bin/grep -F
configure:3987: checking for ld used by gcc
configure:4054: result: /usr/bin/ld
configure:4061: checking if the linker (/usr/bin/ld) is GNU ld
configure:4076: result: yes
configure:4088: checking for BSD- or MS-compatible name lister (nm)
configure:4137: result: /usr/bin/nm -B
configure:4267: checking the name lister (/usr/bin/nm -B) interface
configure:4274: gcc -c -g -O2  conftest.c >&5
configure:4277: /usr/bin/nm -B "conftest.o"
configure:4280: output
0000000000000000 B some_variable
configure:4287: result: BSD nm
configure:4290: checking whether ln -s works
configure:4294: result: yes
configure:4302: checking the maximum length of command line arguments
configure:4427: result: 1572864
configure:4444: checking whether the shell understands some XSI constructs
configure:4454: result: yes
configure:4458: checking whether the shell understands "+="
configure:4464: result: yes
configure:4499: checking how to convert x86_64-unknown-linux-gnu file names to x86_64-unknown-linux-gnu format
configure:4539: result: func_convert_file_noop
configure:4546: checking how to convert x86_64-unknown-linux-gnu file names to toolchain format
configure:4566: result: func_convert_file_noop
configure:4573: checking for /usr/bin/ld option to reload object files
configure:4580: result: -r
configure:4654: checking for objdump
configure:4670: found /usr/bin/objdump
configure:4681: result: objdump
configure:4713: checking how to recognize dependent libraries
configure:4915: result: pass_all
configure:5000: checking for dlltool
configure:5030: result: no
configure:5060: checking how to associate runtime and link libraries
configure:5087: result: printf %s\n
configure:5148: checking for ar
configure:5164: found /usr/bin/ar
configure:5175: result: ar
configure:5212: checking for archiver @FILE support
configure:5229: gcc -c -g -O2  conftest.c >&5
configure:5229: $? = 0
configure:5232: ar cru libconftest.a @conftest.lst >&5
configure:5235: $? = 0
configure:5240: ar cru libconftest.a @conftest.lst >&5
ar: conftest.o: No such file or directory
configure:5243: $? = 1
configure:5255: result: @
configure:5313: checking for strip
configure:5329: found /usr/bin/strip
configure:5340: result: strip
configure:5412: checking for ranlib
configure:5428: found /usr/bin/ranlib
configure:5439: result: ranlib
configure:5541: checking command to parse /usr/bin/nm -B output from gcc object
configure:5660: gcc -c -g -O2  conftest.c >&5
configure:5663: $? = 0
configure:5667: /usr/bin/nm -B conftest.o \| sed -n -e 's/^.*[ ]\([ABCDGIRSTW][ABCDGIRSTW]*\)[ ][ ]*\([_A-Za-z][_A-Za-z0-9]*\)$/\1 \2 \2/p' | sed '/ __gnu_lto/d' \> conftest.nm
configure:5670: $? = 0
configure:5736: gcc -o conftest -g -O2   conftest.c conftstm.o >&5
configure:5739: $? = 0
configure:5777: result: ok
configure:5814: checking for sysroot
configure:5844: result: no
configure:5921: gcc -c -g -O2  conftest.c >&5
configure:5924: $? = 0
configure:6087: checking for mt
configure:6117: result: no
configure:6137: checking if : is a manifest tool
configure:6143: : '-?'
configure:6151: result: no
configure:6783: checking how to run the C preprocessor
configure:6814: gcc -E  conftest.c
configure:6814: $? = 0
configure:6828: gcc -E  conftest.c
conftest.c:11:28: fatal error: ac_nonexistent.h: No such file or directory
compilation terminated.
configure:6828: $? = 1
configure: failed program was:
| /* confdefs.h */
| #define PACKAGE_NAME "nxweb"
| #define PACKAGE_TARNAME "nxweb"
| #define PACKAGE_VERSION "3.1.0-dev"
| #define PACKAGE_STRING "nxweb 3.1.0-dev"
| #define PACKAGE_BUGREPORT ""
| #define PACKAGE_URL ""
| #define PACKAGE "nxweb"
| #define VERSION "3.1.0-dev"
| /* end confdefs.h.  */
| #include <ac_nonexistent.h>
configure:6853: result: gcc -E
configure:6873: gcc -E  conftest.c
configure:6873: $? = 0
configure:6887: gcc -E  conftest.c
conftest.c:11:28: fatal error: ac_nonexistent.h: No such file or directory
compilation terminated.
configure:6887: $? = 1
configure: failed program was:
| /* confdefs.h */
| #define PACKAGE_NAME "nxweb"
| #define PACKAGE_TARNAME "nxweb"
| #define PACKAGE_VERSION "3.1.0-dev"
| #define PACKAGE_STRING "nxweb 3.1.0-dev"
| #define PACKAGE_BUGREPORT ""
| #define PACKAGE_URL ""
| #define PACKAGE "nxweb"
| #define VERSION "3.1.0-dev"
| /* end confdefs.h.  */
| #include <ac_nonexistent.h>
configure:6916: checking for ANSI C header files
configure:6936: gcc -c -g -O2  conftest.c >&5
configure:6936: $? = 0
configure:7009: gcc -o conftest -g -O2   conftest.c  >&5
configure:7009: $? = 0
configure:7009: ./conftest
configure:7009: $? = 0
configure:7020: result: yes
configure:7033: checking for sys/types.h
configure:7033: gcc -c -g -O2  conftest.c >&5
configure:7033: $? = 0
configure:7033: result: yes
configure:7033: checking for sys/stat.h
configure:7033: gcc -c -g -O2  conftest.c >&5
configure:7033: $? = 0
configure:7033: result: yes
configure:7033: checking for stdlib.h
configure:7033: gcc -c -g -O2  conftest.c >&5
configure:7033: $? = 0
configure:7033: result: yes
configure:7033: checking for string.h
configure:7033: gcc -c -g -O2  conftest.c >&5
configure:7033: $? = 0
configure:7033: result: yes
configure:7033: checking for memory.h
configure:7033: gcc -c -g -O2  conftest.c >&5
configure:7033: $? = 0
configure:7033: result: yes
configure:7033: checking for strings.h
configure:7033: gcc -c -g -O2  conftest.c >&5
configure:7033: $? = 0
configure:7033: result: yes
configure:7033: checking for inttypes.h
configure:7033: gcc -c -g -O2  conftest.c >&5
configure:7033: $? = 0
configure:7033: result: yes
configure:7033: checking for stdint.h
configure:7033: gcc -c -g -O2  conftest.c >&5
configure:7033: $? = 0
configure:7033: result: yes
configure:7033: checking for unistd.h
configure:7033: gcc -c -g -O2  conftest.c >&5
configure:7033: $? = 0
configure:7033: result: yes
configure:7047: checking for dlfcn.h
configure:7047: gcc -c -g -O2  conftest.c >&5
configure:7047: $? = 0
configure:7047: result: yes
configure:7234: checking for objdir
configure:7249: result: .libs
configure:7520: checking if gcc supports -fno-rtti -fno-exceptions
configure:7538: gcc -c -g -O2  -fno-rtti -fno-exceptions conftest.c >&5
cc1: warning: command line option '-fno-rtti' is valid for C++/ObjC++ but not for C [enabled by default]
configure:7542: $? = 0
configure:7555: result: no
configure:7865: checking for gcc option to produce PIC
configure:7872: result: -fPIC -DPIC
configure:7880: checking if gcc PIC flag -fPIC -DPIC works
configure:7898: gcc -c -g -O2  -fPIC -DPIC -DPIC conftest.c >&5
configure:7902: $? = 0
configure:7915: result: yes
configure:7944: checking if gcc static flag -static works
configure:7972: result: no
configure:7987: checking if gcc supports -c -o file.o
configure:8008: gcc -c -g -O2  -o out/conftest2.o conftest.c >&5
configure:8012: $? = 0
configure:8034: result: yes
configure:8042: checking if gcc supports -c -o file.o
configure:8089: result: yes
configure:8122: checking whether the gcc linker (/usr/bin/ld -m elf_x86_64) supports shared libraries
configure:9284: result: yes
configure:9321: checking whether -lc should be explicitly linked in
configure:9329: gcc -c -g -O2  conftest.c >&5
configure:9332: $? = 0
configure:9347: gcc -shared  -fPIC -DPIC conftest.o  -v -Wl,-soname -Wl,conftest -o conftest 2\>\&1 \| /usr/bin/grep  -lc  \>/dev/null 2\>\&1
configure:9350: $? = 0
configure:9364: result: no
configure:9529: checking dynamic linker characteristics
configure:10044: gcc -o conftest -g -O2   -Wl,-rpath -Wl,/foo conftest.c  >&5
configure:10044: $? = 0
configure:10278: result: GNU/Linux ld.so
configure:10385: checking how to hardcode library paths into programs
configure:10410: result: immediate
configure:10950: checking whether stripping libraries is possible
configure:10955: result: yes
configure:10990: checking if libtool supports shared libraries
configure:10992: result: yes
configure:10995: checking whether to build shared libraries
configure:11016: result: yes
configure:11019: checking whether to build static libraries
configure:11023: result: yes
configure:11068: checking sys/eventfd.h usability
configure:11068: gcc -c -g -O2  conftest.c >&5
configure:11068: $? = 0
configure:11068: result: yes
configure:11068: checking sys/eventfd.h presence
configure:11068: gcc -E  conftest.c
configure:11068: $? = 0
configure:11068: result: yes
configure:11068: checking for sys/eventfd.h
configure:11068: result: yes
configure:11079: checking for clock_gettime in -lrt
configure:11104: gcc -o conftest -g -O2   conftest.c -lrt   >&5
configure:11104: $? = 0
configure:11113: result: yes
configure:11501: checking for deflate in -lz
configure:11526: gcc -o conftest -g -O2   conftest.c -lz   >&5
configure:11526: $? = 0
configure:11535: result: yes
configure:11557: checking for register_printf_specifier
configure:11557: gcc -o conftest -g -O2   conftest.c  >&5
configure:11557: $? = 0
configure:11557: result: yes
configure:11717: creating ./config.status
configure:13973: Summary of build options:

  Version:            3.1.0-dev
  Host OS:            linux-gnu
  Install prefix:     /usr/local
  Compiler:           gcc
  CFlags:             -g -O2
  SSL support:        no
  ImageMagick:        no
  GZIP compression:   yes
  Shared lib version: 0:0:0


## ---------------- ##
## Cache variables. ##
## ---------------- ##

ac_cv_build=x86_64-unknown-linux-gnu
ac_cv_c_compiler_gnu=yes
ac_cv_env_CC_set=
ac_cv_env_CC_value=
ac_cv_env_CFLAGS_set=
ac_cv_env_CFLAGS_value=
ac_cv_env_CPPFLAGS_set=
ac_cv_env_CPPFLAGS_value=
ac_cv_env_CPP_set=
ac_cv_env_CPP_value=
ac_cv_env_GNUTLS_CFLAGS_set=
ac_cv_env_GNUTLS_CFLAGS_value=
ac_cv_env_GNUTLS_LIBS_set=
ac_cv_env_GNUTLS_LIBS_value=
ac_cv_env_IMAGEMAGICK_CFLAGS_set=
ac_cv_env_IMAGEMAGICK_CFLAGS_value=
ac_cv_env_IMAGEMAGICK_LIBS_set=
ac_cv_env_IMAGEMAGICK_LIBS_value=
ac_cv_env_LDFLAGS_set=
ac_cv_env_LDFLAGS_value=
ac_cv_env_LIBS_set=
ac_cv_env_LIBS_value=
ac_cv_env_PKG_CONFIG_LIBDIR_set=
ac_cv_env_PKG_CONFIG_LIBDIR_value=
ac_cv_env_PKG_CONFIG_PATH_set=
ac_cv_env_PKG_CONFIG_PATH_value=
ac_cv_env_PKG_CONFIG_set=
ac_cv_env_PKG_CONFIG_value=
ac_cv_env_build_alias_set=
ac_cv_env_build_alias_value=
ac_cv_env_host_alias_set=
ac_cv_env_host_alias_value=
ac_cv_env_target_alias_set=
ac_cv_env_target_alias_value=
ac_cv_func_register_printf_specifier=yes
ac_cv_header_dlfcn_h=yes
ac_cv_header_inttypes_h=yes
ac_cv_header_memory_h=yes
ac_cv_header_stdc=yes
ac_cv_header_stdint_h=yes
ac_cv_header_stdlib_h=yes
ac_cv_header_string_h=yes
ac_cv_header_strings_h=yes
ac_cv_header_sys_eventfd_h=yes
ac_cv_header_sys_stat_h=yes
ac_cv_header_sys_types_h=yes
ac_cv_header_unistd_h=yes
ac_cv_host=x86_64-unknown-linux-gnu
ac_cv_lib_rt_clock_gettime=yes
ac_cv_lib_z_deflate=yes
ac_cv_objext=o
ac_cv_path_EGREP='/usr/bin/grep -E'
ac_cv_path_FGREP='/usr/bin/grep -F'
ac_cv_path_GREP=/usr/bin/grep
ac_cv_path_SED=/usr/bin/sed
ac_cv_path_install='/usr/bin/install -c'
ac_cv_path_mkdir=/usr/bin/mkdir
ac_cv_prog_AWK=gawk
ac_cv_prog_CPP='gcc -E'
ac_cv_prog_ac_ct_AR=ar
ac_cv_prog_ac_ct_CC=gcc
ac_cv_prog_ac_ct_OBJDUMP=objdump
ac_cv_prog_ac_ct_RANLIB=ranlib
ac_cv_prog_ac_ct_STRIP=strip
ac_cv_prog_cc_c89=
ac_cv_prog_cc_g=yes
ac_cv_prog_make_make_set=yes
am_cv_CC_dependencies_compiler_type=gcc3
lt_cv_ar_at_file=@
lt_cv_archive_cmds_need_lc=no
lt_cv_deplibs_check_method=pass_all
lt_cv_file_magic_cmd='$MAGIC_CMD'
lt_cv_file_magic_test_file=
lt_cv_ld_reload_flag=-r
lt_cv_nm_interface='BSD nm'
lt_cv_objdir=.libs
lt_cv_path_LD=/usr/bin/ld
lt_cv_path_NM='/usr/bin/nm -B'
lt_cv_path_mainfest_tool=no
lt_cv_prog_compiler_c_o=yes
lt_cv_prog_compiler_pic='-fPIC -DPIC'
lt_cv_prog_compiler_pic_works=yes
lt_cv_prog_compiler_rtti_exceptions=no
lt_cv_prog_compiler_static_works=no
lt_cv_prog_gnu_ld=yes
lt_cv_sharedlib_from_linklib_cmd='printf %s\n'
lt_cv_shlibpath_overrides_runpath=no
lt_cv_sys_global_symbol_pipe='sed -n -e '\''s/^.*[	 ]\([ABCDGIRSTW][ABCDGIRSTW]*\)[	 ][	 ]*\([_A-Za-z][_A-Za-z0-9]*\)$/\1 \2 \2/p'\'' | sed '\''/ __gnu_lto/d'\'''
lt_cv_sys_global_symbol_to_c_name_address='sed -n -e '\''s/^: \([^ ]*\)[ ]*$/  {\"\1\", (void *) 0},/p'\'' -e '\''s/^[ABCDGIRSTW]* \([^ ]*\) \([^ ]*\)$/  {"\2", (void *) \&\2},/p'\'''
lt_cv_sys_global_symbol_to_c_name_address_lib_prefix='sed -n -e '\''s/^: \([^ ]*\)[ ]*$/  {\"\1\", (void *) 0},/p'\'' -e '\''s/^[ABCDGIRSTW]* \([^ ]*\) \(lib[^ ]*\)$/  {"\2", (void *) \&\2},/p'\'' -e '\''s/^[ABCDGIRSTW]* \([^ ]*\) \([^ ]*\)$/  {"lib\2", (void *) \&\2},/p'\'''
lt_cv_sys_global_symbol_to_cdecl='sed -n -e '\''s/^T .* \(.*\)$/extern int \1();/p'\'' -e '\''s/^[ABCDGIRSTW]* .* \(.*\)$/extern char \1;/p'\'''
lt_cv_sys_max_cmd_len=1572864
lt_cv_to_host_file_cmd=func_convert_file_noop
lt_cv_to_tool_file_cmd=func_convert_file_noop

## ----------------- ##
## Output variables. ##
## ----------------- ##

ACLOCAL='${SHELL} /home/kevin/workspace/index/missing --run aclocal-1.11'
AMDEPBACKSLASH='\'
AMDEP_FALSE='#'
AMDEP_TRUE=''
AMTAR='$${TAR-tar}'
AR='ar'
AUTOCONF='${SHELL} /home/kevin/workspace/index/missing --run autoconf'
AUTOHEADER='${SHELL} /home/kevin/workspace/index/missing --run autoheader'
AUTOMAKE='${SHELL} /home/kevin/workspace/index/missing --run automake-1.11'
AWK='gawk'
CC='gcc'
CCDEPMODE='depmode=gcc3'
CFLAGS='-g -O2'
CPP='gcc -E'
CPPFLAGS=''
CYGPATH_W='echo'
DEFS='-DHAVE_CONFIG_H'
DEPDIR='.deps'
DLLTOOL='false'
DSYMUTIL=''
DUMPBIN=''
ECHO_C=''
ECHO_N='-n'
ECHO_T=''
EGREP='/usr/bin/grep -E'
EXEEXT=''
FGREP='/usr/bin/grep -F'
GNUTLS_BIN_DIR=''
GNUTLS_CFLAGS=''
GNUTLS_LIBS=''
GREP='/usr/bin/grep'
IMAGEMAGICK_BIN_DIR=''
IMAGEMAGICK_CFLAGS=''
IMAGEMAGICK_LIBS=''
INSTALL_DATA='${INSTALL} -m 644'
INSTALL_PROGRAM='${INSTALL}'
INSTALL_SCRIPT='${INSTALL}'
INSTALL_STRIP_PROGRAM='$(install_sh) -c -s'
LD='/usr/bin/ld -m elf_x86_64'
LDFLAGS=''
LIBOBJS=''
LIBS=''
LIBTOOL='$(SHELL) $(top_builddir)/libtool'
LIPO=''
LN_S='ln -s'
LTLIBOBJS=''
MAKEINFO='${SHELL} /home/kevin/workspace/index/missing --run makeinfo'
MANIFEST_TOOL=':'
MKDIR_P='/usr/bin/mkdir -p'
NM='/usr/bin/nm -B'
NMEDIT=''
NXWEB_EXT_CFLAGS=' '
NXWEB_EXT_LIBS='  -lz -lrt -lpthread'
NXWEB_LIB_VERSION_INFO='0:0:0'
OBJDUMP='objdump'
OBJEXT='o'
OTOOL64=''
OTOOL=''
PACKAGE='nxweb'
PACKAGE_BUGREPORT=''
PACKAGE_NAME='nxweb'
PACKAGE_STRING='nxweb 3.1.0-dev'
PACKAGE_TARNAME='nxweb'
PACKAGE_URL=''
PACKAGE_VERSION='3.1.0-dev'
PATH_SEPARATOR=':'
PKG_CONFIG=''
PKG_CONFIG_LIBDIR=''
PKG_CONFIG_PATH=''
RANLIB='ranlib'
SED='/usr/bin/sed'
SET_MAKE=''
SHELL='/bin/sh'
STRIP='strip'
VERSION='3.1.0-dev'
WITH_IMAGEMAGICK_FALSE=''
WITH_IMAGEMAGICK_TRUE='#'
WITH_SSL_FALSE=''
WITH_SSL_TRUE='#'
WITH_ZLIB_FALSE='#'
WITH_ZLIB_TRUE=''
ZLIB_LIBS='-lz'
ac_ct_AR='ar'
ac_ct_CC='gcc'
ac_ct_DUMPBIN=''
am__EXEEXT_FALSE=''
am__EXEEXT_TRUE='#'
am__fastdepCC_FALSE='#'
am__fastdepCC_TRUE=''
am__include='include'
am__isrc=''
am__leading_dot='.'
am__nodep='_no'
am__quote=''
am__tar='$${TAR-tar} chof - "$$tardir"'
am__untar='$${TAR-tar} xf -'
bindir='${exec_prefix}/bin'
build='x86_64-unknown-linux-gnu'
build_alias=''
build_cpu='x86_64'
build_os='linux-gnu'
build_vendor='unknown'
datadir='${datarootdir}'
datarootdir='${prefix}/share'
docdir='${datarootdir}/doc/${PACKAGE_TARNAME}'
dvidir='${docdir}'
exec_prefix='${prefix}'
host='x86_64-unknown-linux-gnu'
host_alias=''
host_cpu='x86_64'
host_os='linux-gnu'
host_vendor='unknown'
htmldir='${docdir}'
includedir='${prefix}/include'
infodir='${datarootdir}/info'
install_sh='${SHELL} /home/kevin/workspace/index/install-sh'
libdir='${exec_prefix}/lib'
libexecdir='${exec_prefix}/libexec'
localedir='${datarootdir}/locale'
localstatedir='${prefix}/var'
mandir='${datarootdir}/man'
mkdir_p='/usr/bin/mkdir -p'
oldincludedir='/usr/include'
pdfdir='${docdir}'
prefix='/usr/local'
program_transform_name='s,x,x,'
psdir='${docdir}'
sbindir='${exec_prefix}/sbin'
sharedstatedir='${prefix}/com'
sysconfdir='${prefix}/etc'
target_alias=''

## ----------- ##
## confdefs.h. ##
## ----------- ##

/* confdefs.h */
#define PACKAGE_NAME "nxweb"
#define PACKAGE_TARNAME "nxweb"
#define PACKAGE_VERSION "3.1.0-dev"
#define PACKAGE_STRING "nxweb 3.1.0-dev"
#define PACKAGE_BUGREPORT ""
#define PACKAGE_URL ""
#define PACKAGE "nxweb"
#define VERSION "3.1.0-dev"
#define STDC_HEADERS 1
#define HAVE_SYS_TYPES_H 1
#define HAVE_SYS_STAT_H 1
#define HAVE_STDLIB_H 1
#define HAVE_STRING_H 1
#define HAVE_MEMORY_H 1
#define HAVE_STRINGS_H 1
#define HAVE_INTTYPES_H 1
#define HAVE_STDINT_H 1
#define HAVE_UNISTD_H 1
#define HAVE_DLFCN_H 1
#define LT_OBJDIR ".libs/"
#define HAVE_EVENTFD 1
#define HAVE_RT_CLOCK 1
#define WITH_ZLIB 1
#define USE_REGISTER_PRINTF_SPECIFIER 1

configure: exit 0

## ---------------------- ##
## Running config.status. ##
## ---------------------- ##

This file was extended by nxweb config.status 3.1.0-dev, which was
generated by GNU Autoconf 2.68.  Invocation command line was

  CONFIG_FILES    = 
  CONFIG_HEADERS  = 
  CONFIG_LINKS    = 
  CONFIG_COMMANDS = 
  $ ./config.status 

on kevin-pc

config.status:1116: creating Makefile
config.status:1116: creating src/lib/Makefile
config.status:1116: creating src/include/Makefile
config.status:1116: creating src/bin/Makefile
config.status:1116: creating ssl/Makefile
config.status:1116: creating src/lib/nxweb.pc
config.status:1116: creating src/include/nxweb/config.h
config.status:1297: src/include/nxweb/config.h is unchanged
config.status:1345: executing depfiles commands
config.status:1345: executing libtool commands
